[Licensing::Module] Trying to connect to existing licensing client channel...
Built from '6000.3/staging' branch; Version is '6000.3.14f1 (d68c3f99a318) revision 14060607'; Using compiler version '194234433'; Build Type 'Release'
[Licensing::IpcConnector] Successfully connected to: "LicenseClient-LJB" at "2026-05-22T11:05:29.0124137Z"
OS: 'Windows 10  (10.0.19044) 64bit IoTEnterpriseS' Language: 'de' Physical Memory: 16229 MB
BatchMode: 1, IsHumanControllingUs: 0, StartBugReporterOnCrash: 0, Is64bit: 1
System  architecture: x64
Process architecture: x64
Date: 2026-05-22T11:05:29Z

COMMAND LINE ARGUMENTS:
C:\Program Files\Unity\Hub\Editor\6000.3.14f1\Editor\Unity.exe
-batchmode
-quit
-projectPath
D:\BaiduSyncdisk\Obsidian Vault\Websocket\00 Inbox\Unity2Foxglove
-executeMethod
Unity.FoxgloveSDK.Editor.FoxrunCodeGenerator.GenerateSourceFiles
-logFile
D:\BaiduSyncdisk\Obsidian Vault\Websocket\00 Inbox\unity_scripts_compile_115f_probe.log
Successfully changed project path to: D:\BaiduSyncdisk\Obsidian Vault\Websocket\00 Inbox\Unity2Foxglove
D:/BaiduSyncdisk/Obsidian Vault/Websocket/00 Inbox/Unity2Foxglove
Exiting without the bug reporter. Application will terminate with return code 1